Error[105]   /media/bill/Data/Asm/Pic/MP_Projects/VFD_Driver/VFD_driver.X/analogVFD.X/AnaloguePPM v2.asm 54 : Cannot open file (Include File "p12F1572.inc" not found)
Error[113]   /media/bill/Data/Asm/Pic/MP_Projects/VFD_Driver/VFD_driver.X/analogVFD.X/AnaloguePPM v2.asm 58 : Symbol not previously defined (_CONFIG1)
Error[126]   /media/bill/Data/Asm/Pic/MP_Projects/VFD_Driver/VFD_driver.X/analogVFD.X/AnaloguePPM v2.asm 58 : Argument out of range (not a valid config register address)
Error[126]   /media/bill/Data/Asm/Pic/MP_Projects/VFD_Driver/VFD_driver.X/analogVFD.X/AnaloguePPM v2.asm 58 : Argument out of range (not a valid config register address)
Error[113]   /media/bill/Data/Asm/Pic/MP_Projects/VFD_Driver/VFD_driver.X/analogVFD.X/AnaloguePPM v2.asm 61 : Symbol not previously defined (_CONFIG2)
Error[126]   /media/bill/Data/Asm/Pic/MP_Projects/VFD_Driver/VFD_driver.X/analogVFD.X/AnaloguePPM v2.asm 61 : Argument out of range (not a valid config register address)
Error[126]   /media/bill/Data/Asm/Pic/MP_Projects/VFD_Driver/VFD_driver.X/analogVFD.X/AnaloguePPM v2.asm 61 : Argument out of range (not a valid config register address)
Error[113]   /media/bill/Data/Asm/Pic/MP_Projects/VFD_Driver/VFD_driver.X/analogVFD.X/AnaloguePPM v2.asm 66 : Symbol not previously defined (PORTA)
Error[113]   /media/bill/Data/Asm/Pic/MP_Projects/VFD_Driver/VFD_driver.X/analogVFD.X/AnaloguePPM v2.asm 68 : Symbol not previously defined (RA5)
Error[113]   /media/bill/Data/Asm/Pic/MP_Projects/VFD_Driver/VFD_driver.X/analogVFD.X/AnaloguePPM v2.asm 69 : Symbol not previously defined (RA4)
Error[113]   /media/bill/Data/Asm/Pic/MP_Projects/VFD_Driver/VFD_driver.X/analogVFD.X/AnaloguePPM v2.asm 70 : Symbol not previously defined (RA2)
Error[113]   /media/bill/Data/Asm/Pic/MP_Projects/VFD_Driver/VFD_driver.X/analogVFD.X/AnaloguePPM v2.asm 72 : Symbol not previously defined (RA0)
Error[113]   /media/bill/Data/Asm/Pic/MP_Projects/VFD_Driver/VFD_driver.X/analogVFD.X/AnaloguePPM v2.asm 73 : Symbol not previously defined (RA1)
Error[113]   /media/bill/Data/Asm/Pic/MP_Projects/VFD_Driver/VFD_driver.X/analogVFD.X/AnaloguePPM v2.asm 74 : Symbol not previously defined (RA3)
Error[113]   /media/bill/Data/Asm/Pic/MP_Projects/VFD_Driver/VFD_driver.X/analogVFD.X/AnaloguePPM v2.asm 190 : Symbol not previously defined (PIR1)
Error[113]   /media/bill/Data/Asm/Pic/MP_Projects/VFD_Driver/VFD_driver.X/analogVFD.X/AnaloguePPM v2.asm 191 : Symbol not previously defined (PIR1)
Error[113]   /media/bill/Data/Asm/Pic/MP_Projects/VFD_Driver/VFD_driver.X/analogVFD.X/AnaloguePPM v2.asm 191 : Symbol not previously defined (ADIF)
Error[113]   /media/bill/Data/Asm/Pic/MP_Projects/VFD_Driver/VFD_driver.X/analogVFD.X/AnaloguePPM v2.asm 193 : Symbol not previously defined (PIR1)
Error[113]   /media/bill/Data/Asm/Pic/MP_Projects/VFD_Driver/VFD_driver.X/analogVFD.X/AnaloguePPM v2.asm 193 : Symbol not previously defined (ADIF)
Error[113]   /media/bill/Data/Asm/Pic/MP_Projects/VFD_Driver/VFD_driver.X/analogVFD.X/AnaloguePPM v2.asm 195 : Symbol not previously defined (ADCON0)
Error[113]   /media/bill/Data/Asm/Pic/MP_Projects/VFD_Driver/VFD_driver.X/analogVFD.X/AnaloguePPM v2.asm 199 : Symbol not previously defined (ADCON0)
Error[113]   /media/bill/Data/Asm/Pic/MP_Projects/VFD_Driver/VFD_driver.X/analogVFD.X/AnaloguePPM v2.asm 202 : Symbol not previously defined (ADRESH)
Error[113]   /media/bill/Data/Asm/Pic/MP_Projects/VFD_Driver/VFD_driver.X/analogVFD.X/AnaloguePPM v2.asm 210 : Symbol not previously defined (ADRESL)
Error[113]   /media/bill/Data/Asm/Pic/MP_Projects/VFD_Driver/VFD_driver.X/analogVFD.X/AnaloguePPM v2.asm 214 : Symbol not previously defined (STATUS)
Error[113]   /media/bill/Data/Asm/Pic/MP_Projects/VFD_Driver/VFD_driver.X/analogVFD.X/AnaloguePPM v2.asm 214 : Symbol not previously defined (C)
Error[113]   /media/bill/Data/Asm/Pic/MP_Projects/VFD_Driver/VFD_driver.X/analogVFD.X/AnaloguePPM v2.asm 220 : Symbol not previously defined (STATUS)
Error[113]   /media/bill/Data/Asm/Pic/MP_Projects/VFD_Driver/VFD_driver.X/analogVFD.X/AnaloguePPM v2.asm 220 : Symbol not previously defined (C)
Error[113]   /media/bill/Data/Asm/Pic/MP_Projects/VFD_Driver/VFD_driver.X/analogVFD.X/AnaloguePPM v2.asm 235 : Symbol not previously defined (ADRESL)
Error[113]   /media/bill/Data/Asm/Pic/MP_Projects/VFD_Driver/VFD_driver.X/analogVFD.X/AnaloguePPM v2.asm 240 : Symbol not previously defined (STATUS)
Error[113]   /media/bill/Data/Asm/Pic/MP_Projects/VFD_Driver/VFD_driver.X/analogVFD.X/AnaloguePPM v2.asm 240 : Symbol not previously defined (C)
Error[113]   /media/bill/Data/Asm/Pic/MP_Projects/VFD_Driver/VFD_driver.X/analogVFD.X/AnaloguePPM v2.asm 246 : Symbol not previously defined (STATUS)
Error[113]   /media/bill/Data/Asm/Pic/MP_Projects/VFD_Driver/VFD_driver.X/analogVFD.X/AnaloguePPM v2.asm 246 : Symbol not previously defined (C)
Error[113]   /media/bill/Data/Asm/Pic/MP_Projects/VFD_Driver/VFD_driver.X/analogVFD.X/AnaloguePPM v2.asm 258 : Symbol not previously defined (INTCON)
Error[113]   /media/bill/Data/Asm/Pic/MP_Projects/VFD_Driver/VFD_driver.X/analogVFD.X/AnaloguePPM v2.asm 258 : Symbol not previously defined (T0IF)
Error[113]   /media/bill/Data/Asm/Pic/MP_Projects/VFD_Driver/VFD_driver.X/analogVFD.X/AnaloguePPM v2.asm 260 : Symbol not previously defined (INTCON)
Error[113]   /media/bill/Data/Asm/Pic/MP_Projects/VFD_Driver/VFD_driver.X/analogVFD.X/AnaloguePPM v2.asm 260 : Symbol not previously defined (T0IF)
Error[113]   /media/bill/Data/Asm/Pic/MP_Projects/VFD_Driver/VFD_driver.X/analogVFD.X/AnaloguePPM v2.asm 263 : Symbol not previously defined (TMR0)
Error[113]   /media/bill/Data/Asm/Pic/MP_Projects/VFD_Driver/VFD_driver.X/analogVFD.X/AnaloguePPM v2.asm 265 : Symbol not previously defined (TMR0)
Error[113]   /media/bill/Data/Asm/Pic/MP_Projects/VFD_Driver/VFD_driver.X/analogVFD.X/AnaloguePPM v2.asm 267 : Symbol not previously defined (ADCON0)
Error[113]   /media/bill/Data/Asm/Pic/MP_Projects/VFD_Driver/VFD_driver.X/analogVFD.X/AnaloguePPM v2.asm 267 : Symbol not previously defined (ADGO)
Error[113]   /media/bill/Data/Asm/Pic/MP_Projects/VFD_Driver/VFD_driver.X/analogVFD.X/AnaloguePPM v2.asm 347 : Symbol not previously defined (OSCCON)
Error[113]   /media/bill/Data/Asm/Pic/MP_Projects/VFD_Driver/VFD_driver.X/analogVFD.X/AnaloguePPM v2.asm 352 : Symbol not previously defined (OSCCON)
Error[113]   /media/bill/Data/Asm/Pic/MP_Projects/VFD_Driver/VFD_driver.X/analogVFD.X/AnaloguePPM v2.asm 355 : Symbol not previously defined (FVRCON)
Error[113]   /media/bill/Data/Asm/Pic/MP_Projects/VFD_Driver/VFD_driver.X/analogVFD.X/AnaloguePPM v2.asm 360 : Symbol not previously defined (FVRCON)
Error[113]   /media/bill/Data/Asm/Pic/MP_Projects/VFD_Driver/VFD_driver.X/analogVFD.X/AnaloguePPM v2.asm 362 : Symbol not previously defined (ANSELA)
Error[113]   /media/bill/Data/Asm/Pic/MP_Projects/VFD_Driver/VFD_driver.X/analogVFD.X/AnaloguePPM v2.asm 364 : Symbol not previously defined (ANSELA)
Error[113]   /media/bill/Data/Asm/Pic/MP_Projects/VFD_Driver/VFD_driver.X/analogVFD.X/AnaloguePPM v2.asm 366 : Symbol not previously defined (ADCON0)
Error[113]   /media/bill/Data/Asm/Pic/MP_Projects/VFD_Driver/VFD_driver.X/analogVFD.X/AnaloguePPM v2.asm 368 : Symbol not previously defined (ADCON0)
Error[113]   /media/bill/Data/Asm/Pic/MP_Projects/VFD_Driver/VFD_driver.X/analogVFD.X/AnaloguePPM v2.asm 372 : Symbol not previously defined (ADCON1)
Error[113]   /media/bill/Data/Asm/Pic/MP_Projects/VFD_Driver/VFD_driver.X/analogVFD.X/AnaloguePPM v2.asm 376 : Symbol not previously defined (ADCON2)
Error[113]   /media/bill/Data/Asm/Pic/MP_Projects/VFD_Driver/VFD_driver.X/analogVFD.X/AnaloguePPM v2.asm 381 : Symbol not previously defined (TRISA)
Error[113]   /media/bill/Data/Asm/Pic/MP_Projects/VFD_Driver/VFD_driver.X/analogVFD.X/AnaloguePPM v2.asm 387 : Symbol not previously defined (OPTION_REG)
Error[113]   /media/bill/Data/Asm/Pic/MP_Projects/VFD_Driver/VFD_driver.X/analogVFD.X/AnaloguePPM v2.asm 389 : Symbol not previously defined (OPTION_REG)
Error[113]   /media/bill/Data/Asm/Pic/MP_Projects/VFD_Driver/VFD_driver.X/analogVFD.X/AnaloguePPM v2.asm 396 : Symbol not previously defined (INTCON)
Error[113]   /media/bill/Data/Asm/Pic/MP_Projects/VFD_Driver/VFD_driver.X/analogVFD.X/AnaloguePPM v2.asm 398 : Symbol not previously defined (PIE1)
Error[113]   /media/bill/Data/Asm/Pic/MP_Projects/VFD_Driver/VFD_driver.X/analogVFD.X/AnaloguePPM v2.asm 400 : Symbol not previously defined (PIE1)
Error[113]   /media/bill/Data/Asm/Pic/MP_Projects/VFD_Driver/VFD_driver.X/analogVFD.X/AnaloguePPM v2.asm 407 : Symbol not previously defined (ADCON0)
Error[113]   /media/bill/Data/Asm/Pic/MP_Projects/VFD_Driver/VFD_driver.X/analogVFD.X/AnaloguePPM v2.asm 407 : Symbol not previously defined (ADGO)
Error[113]   /media/bill/Data/Asm/Pic/MP_Projects/VFD_Driver/VFD_driver.X/analogVFD.X/AnaloguePPM v2.asm 475 : Symbol not previously defined (PORTA)
Error[113]   /media/bill/Data/Asm/Pic/MP_Projects/VFD_Driver/VFD_driver.X/analogVFD.X/AnaloguePPM v2.asm 498 : Symbol not previously defined (STATUS)
Error[113]   /media/bill/Data/Asm/Pic/MP_Projects/VFD_Driver/VFD_driver.X/analogVFD.X/AnaloguePPM v2.asm 498 : Symbol not previously defined (Z)
Error[113]   /media/bill/Data/Asm/Pic/MP_Projects/VFD_Driver/VFD_driver.X/analogVFD.X/AnaloguePPM v2.asm 575 : Symbol not previously defined (STATUS)
Error[113]   /media/bill/Data/Asm/Pic/MP_Projects/VFD_Driver/VFD_driver.X/analogVFD.X/AnaloguePPM v2.asm 575 : Symbol not previously defined (C)
Error[113]   /media/bill/Data/Asm/Pic/MP_Projects/VFD_Driver/VFD_driver.X/analogVFD.X/AnaloguePPM v2.asm 583 : Symbol not previously defined (STATUS)
Error[113]   /media/bill/Data/Asm/Pic/MP_Projects/VFD_Driver/VFD_driver.X/analogVFD.X/AnaloguePPM v2.asm 583 : Symbol not previously defined (C)
Error[113]   /media/bill/Data/Asm/Pic/MP_Projects/VFD_Driver/VFD_driver.X/analogVFD.X/AnaloguePPM v2.asm 588 : Symbol not previously defined (STATUS)
Error[113]   /media/bill/Data/Asm/Pic/MP_Projects/VFD_Driver/VFD_driver.X/analogVFD.X/AnaloguePPM v2.asm 588 : Symbol not previously defined (C)
Error[113]   /media/bill/Data/Asm/Pic/MP_Projects/VFD_Driver/VFD_driver.X/analogVFD.X/AnaloguePPM v2.asm 610 : Symbol not previously defined (STATUS)
Error[113]   /media/bill/Data/Asm/Pic/MP_Projects/VFD_Driver/VFD_driver.X/analogVFD.X/AnaloguePPM v2.asm 610 : Symbol not previously defined (C)
Error[113]   /media/bill/Data/Asm/Pic/MP_Projects/VFD_Driver/VFD_driver.X/analogVFD.X/AnaloguePPM v2.asm 618 : Symbol not previously defined (STATUS)
Error[113]   /media/bill/Data/Asm/Pic/MP_Projects/VFD_Driver/VFD_driver.X/analogVFD.X/AnaloguePPM v2.asm 618 : Symbol not previously defined (C)
Error[113]   /media/bill/Data/Asm/Pic/MP_Projects/VFD_Driver/VFD_driver.X/analogVFD.X/AnaloguePPM v2.asm 624 : Symbol not previously defined (STATUS)
Error[113]   /media/bill/Data/Asm/Pic/MP_Projects/VFD_Driver/VFD_driver.X/analogVFD.X/AnaloguePPM v2.asm 624 : Symbol not previously defined (C)
Error[113]   /media/bill/Data/Asm/Pic/MP_Projects/VFD_Driver/VFD_driver.X/analogVFD.X/AnaloguePPM v2.asm 648 : Symbol not previously defined (STATUS)
Error[113]   /media/bill/Data/Asm/Pic/MP_Projects/VFD_Driver/VFD_driver.X/analogVFD.X/AnaloguePPM v2.asm 648 : Symbol not previously defined (Z)
Error[113]   /media/bill/Data/Asm/Pic/MP_Projects/VFD_Driver/VFD_driver.X/analogVFD.X/AnaloguePPM v2.asm 687 : Symbol not previously defined (STATUS)
Error[113]   /media/bill/Data/Asm/Pic/MP_Projects/VFD_Driver/VFD_driver.X/analogVFD.X/AnaloguePPM v2.asm 687 : Symbol not previously defined (Z)
Error[113]   /media/bill/Data/Asm/Pic/MP_Projects/VFD_Driver/VFD_driver.X/analogVFD.X/AnaloguePPM v2.asm 690 : Symbol not previously defined (STATUS)
Error[113]   /media/bill/Data/Asm/Pic/MP_Projects/VFD_Driver/VFD_driver.X/analogVFD.X/AnaloguePPM v2.asm 690 : Symbol not previously defined (Z)
Error[113]   /media/bill/Data/Asm/Pic/MP_Projects/VFD_Driver/VFD_driver.X/analogVFD.X/AnaloguePPM v2.asm 710 : Symbol not previously defined (STATUS)
Error[113]   /media/bill/Data/Asm/Pic/MP_Projects/VFD_Driver/VFD_driver.X/analogVFD.X/AnaloguePPM v2.asm 710 : Symbol not previously defined (Z)
Error[113]   /media/bill/Data/Asm/Pic/MP_Projects/VFD_Driver/VFD_driver.X/analogVFD.X/AnaloguePPM v2.asm 731 : Symbol not previously defined (STATUS)
Error[113]   /media/bill/Data/Asm/Pic/MP_Projects/VFD_Driver/VFD_driver.X/analogVFD.X/AnaloguePPM v2.asm 731 : Symbol not previously defined (Z)
Error[113]   /media/bill/Data/Asm/Pic/MP_Projects/VFD_Driver/VFD_driver.X/analogVFD.X/AnaloguePPM v2.asm 734 : Symbol not previously defined (STATUS)
Error[113]   /media/bill/Data/Asm/Pic/MP_Projects/VFD_Driver/VFD_driver.X/analogVFD.X/AnaloguePPM v2.asm 734 : Symbol not previously defined (Z)
Error[113]   /media/bill/Data/Asm/Pic/MP_Projects/VFD_Driver/VFD_driver.X/analogVFD.X/AnaloguePPM v2.asm 743 : Symbol not previously defined (STATUS)
Error[113]   /media/bill/Data/Asm/Pic/MP_Projects/VFD_Driver/VFD_driver.X/analogVFD.X/AnaloguePPM v2.asm 743 : Symbol not previously defined (Z)
Error[113]   /media/bill/Data/Asm/Pic/MP_Projects/VFD_Driver/VFD_driver.X/analogVFD.X/AnaloguePPM v2.asm 826 : Symbol not previously defined (TMR0)
Error[113]   /media/bill/Data/Asm/Pic/MP_Projects/VFD_Driver/VFD_driver.X/analogVFD.X/AnaloguePPM v2.asm 828 : Symbol not previously defined (TMR0)
Error[113]   /media/bill/Data/Asm/Pic/MP_Projects/VFD_Driver/VFD_driver.X/analogVFD.X/AnaloguePPM v2.asm 839 : Symbol not previously defined (STATUS)
Error[113]   /media/bill/Data/Asm/Pic/MP_Projects/VFD_Driver/VFD_driver.X/analogVFD.X/AnaloguePPM v2.asm 839 : Symbol not previously defined (C)
Error[113]   /media/bill/Data/Asm/Pic/MP_Projects/VFD_Driver/VFD_driver.X/analogVFD.X/AnaloguePPM v2.asm 849 : Symbol not previously defined (STATUS)
Error[113]   /media/bill/Data/Asm/Pic/MP_Projects/VFD_Driver/VFD_driver.X/analogVFD.X/AnaloguePPM v2.asm 849 : Symbol not previously defined (Z)
Error[113]   /media/bill/Data/Asm/Pic/MP_Projects/VFD_Driver/VFD_driver.X/analogVFD.X/AnaloguePPM v2.asm 874 : Symbol not previously defined (STATUS)
Error[113]   /media/bill/Data/Asm/Pic/MP_Projects/VFD_Driver/VFD_driver.X/analogVFD.X/AnaloguePPM v2.asm 874 : Symbol not previously defined (Z)
Error[113]   /media/bill/Data/Asm/Pic/MP_Projects/VFD_Driver/VFD_driver.X/analogVFD.X/AnaloguePPM v2.asm 888 : Symbol not previously defined (STATUS)
Error[113]   /media/bill/Data/Asm/Pic/MP_Projects/VFD_Driver/VFD_driver.X/analogVFD.X/AnaloguePPM v2.asm 888 : Symbol not previously defined (Z)
Error[113]   /media/bill/Data/Asm/Pic/MP_Projects/VFD_Driver/VFD_driver.X/analogVFD.X/AnaloguePPM v2.asm 894 : Symbol not previously defined (STATUS)
Error[113]   /media/bill/Data/Asm/Pic/MP_Projects/VFD_Driver/VFD_driver.X/analogVFD.X/AnaloguePPM v2.asm 894 : Symbol not previously defined (Z)
Error[113]   /media/bill/Data/Asm/Pic/MP_Projects/VFD_Driver/VFD_driver.X/analogVFD.X/AnaloguePPM v2.asm 916 : Symbol not previously defined (STATUS)
Error[113]   /media/bill/Data/Asm/Pic/MP_Projects/VFD_Driver/VFD_driver.X/analogVFD.X/AnaloguePPM v2.asm 916 : Symbol not previously defined (C)
Error[113]   /media/bill/Data/Asm/Pic/MP_Projects/VFD_Driver/VFD_driver.X/analogVFD.X/AnaloguePPM v2.asm 918 : Symbol not previously defined (STATUS)
Error[113]   /media/bill/Data/Asm/Pic/MP_Projects/VFD_Driver/VFD_driver.X/analogVFD.X/AnaloguePPM v2.asm 918 : Symbol not previously defined (C)
Error[113]   /media/bill/Data/Asm/Pic/MP_Projects/VFD_Driver/VFD_driver.X/analogVFD.X/AnaloguePPM v2.asm 923 : Symbol not previously defined (STATUS)
Error[113]   /media/bill/Data/Asm/Pic/MP_Projects/VFD_Driver/VFD_driver.X/analogVFD.X/AnaloguePPM v2.asm 923 : Symbol not previously defined (C)
Error[113]   /media/bill/Data/Asm/Pic/MP_Projects/VFD_Driver/VFD_driver.X/analogVFD.X/AnaloguePPM v2.asm 927 : Symbol not previously defined (STATUS)
Error[113]   /media/bill/Data/Asm/Pic/MP_Projects/VFD_Driver/VFD_driver.X/analogVFD.X/AnaloguePPM v2.asm 927 : Symbol not previously defined (C)
Error[113]   /media/bill/Data/Asm/Pic/MP_Projects/VFD_Driver/VFD_driver.X/analogVFD.X/AnaloguePPM v2.asm 932 : Symbol not previously defined (STATUS)
Error[113]   /media/bill/Data/Asm/Pic/MP_Projects/VFD_Driver/VFD_driver.X/analogVFD.X/AnaloguePPM v2.asm 932 : Symbol not previously defined (C)
Error[113]   /media/bill/Data/Asm/Pic/MP_Projects/VFD_Driver/VFD_driver.X/analogVFD.X/AnaloguePPM v2.asm 936 : Symbol not previously defined (STATUS)
Error[113]   /media/bill/Data/Asm/Pic/MP_Projects/VFD_Driver/VFD_driver.X/analogVFD.X/AnaloguePPM v2.asm 936 : Symbol not previously defined (C)
Error[113]   /media/bill/Data/Asm/Pic/MP_Projects/VFD_Driver/VFD_driver.X/analogVFD.X/AnaloguePPM v2.asm 941 : Symbol not previously defined (STATUS)
Error[113]   /media/bill/Data/Asm/Pic/MP_Projects/VFD_Driver/VFD_driver.X/analogVFD.X/AnaloguePPM v2.asm 941 : Symbol not previously defined (Z)
Error[113]   /media/bill/Data/Asm/Pic/MP_Projects/VFD_Driver/VFD_driver.X/analogVFD.X/AnaloguePPM v2.asm 945 : Symbol not previously defined (STATUS)
Error[113]   /media/bill/Data/Asm/Pic/MP_Projects/VFD_Driver/VFD_driver.X/analogVFD.X/AnaloguePPM v2.asm 945 : Symbol not previously defined (Z)
Error[113]   /media/bill/Data/Asm/Pic/MP_Projects/VFD_Driver/VFD_driver.X/analogVFD.X/AnaloguePPM v2.asm 953 : Symbol not previously defined (STATUS)
Error[113]   /media/bill/Data/Asm/Pic/MP_Projects/VFD_Driver/VFD_driver.X/analogVFD.X/AnaloguePPM v2.asm 953 : Symbol not previously defined (Z)
Error[113]   /media/bill/Data/Asm/Pic/MP_Projects/VFD_Driver/VFD_driver.X/analogVFD.X/AnaloguePPM v2.asm 957 : Symbol not previously defined (STATUS)
Error[113]   /media/bill/Data/Asm/Pic/MP_Projects/VFD_Driver/VFD_driver.X/analogVFD.X/AnaloguePPM v2.asm 957 : Symbol not previously defined (Z)
Error[113]   /media/bill/Data/Asm/Pic/MP_Projects/VFD_Driver/VFD_driver.X/analogVFD.X/AnaloguePPM v2.asm 969 : Symbol not previously defined (STATUS)
Error[113]   /media/bill/Data/Asm/Pic/MP_Projects/VFD_Driver/VFD_driver.X/analogVFD.X/AnaloguePPM v2.asm 969 : Symbol not previously defined (C)
Error[113]   /media/bill/Data/Asm/Pic/MP_Projects/VFD_Driver/VFD_driver.X/analogVFD.X/AnaloguePPM v2.asm 973 : Symbol not previously defined (STATUS)
Error[113]   /media/bill/Data/Asm/Pic/MP_Projects/VFD_Driver/VFD_driver.X/analogVFD.X/AnaloguePPM v2.asm 973 : Symbol not previously defined (C)
Error[113]   /media/bill/Data/Asm/Pic/MP_Projects/VFD_Driver/VFD_driver.X/analogVFD.X/AnaloguePPM v2.asm 978 : Symbol not previously defined (STATUS)
Error[113]   /media/bill/Data/Asm/Pic/MP_Projects/VFD_Driver/VFD_driver.X/analogVFD.X/AnaloguePPM v2.asm 978 : Symbol not previously defined (C)
Error[113]   /media/bill/Data/Asm/Pic/MP_Projects/VFD_Driver/VFD_driver.X/analogVFD.X/AnaloguePPM v2.asm 982 : Symbol not previously defined (STATUS)
Error[113]   /media/bill/Data/Asm/Pic/MP_Projects/VFD_Driver/VFD_driver.X/analogVFD.X/AnaloguePPM v2.asm 982 : Symbol not previously defined (C)
Error[113]   /media/bill/Data/Asm/Pic/MP_Projects/VFD_Driver/VFD_driver.X/analogVFD.X/AnaloguePPM v2.asm 987 : Symbol not previously defined (STATUS)
Error[113]   /media/bill/Data/Asm/Pic/MP_Projects/VFD_Driver/VFD_driver.X/analogVFD.X/AnaloguePPM v2.asm 987 : Symbol not previously defined (Z)
Error[113]   /media/bill/Data/Asm/Pic/MP_Projects/VFD_Driver/VFD_driver.X/analogVFD.X/AnaloguePPM v2.asm 991 : Symbol not previously defined (STATUS)
Error[113]   /media/bill/Data/Asm/Pic/MP_Projects/VFD_Driver/VFD_driver.X/analogVFD.X/AnaloguePPM v2.asm 991 : Symbol not previously defined (Z)
Error[113]   /media/bill/Data/Asm/Pic/MP_Projects/VFD_Driver/VFD_driver.X/analogVFD.X/AnaloguePPM v2.asm 999 : Symbol not previously defined (STATUS)
Error[113]   /media/bill/Data/Asm/Pic/MP_Projects/VFD_Driver/VFD_driver.X/analogVFD.X/AnaloguePPM v2.asm 999 : Symbol not previously defined (Z)
Error[113]   /media/bill/Data/Asm/Pic/MP_Projects/VFD_Driver/VFD_driver.X/analogVFD.X/AnaloguePPM v2.asm 1003 : Symbol not previously defined (STATUS)
Error[113]   /media/bill/Data/Asm/Pic/MP_Projects/VFD_Driver/VFD_driver.X/analogVFD.X/AnaloguePPM v2.asm 1003 : Symbol not previously defined (Z)
Error[113]   /media/bill/Data/Asm/Pic/MP_Projects/VFD_Driver/VFD_driver.X/analogVFD.X/AnaloguePPM v2.asm 1011 : Symbol not previously defined (STATUS)
Error[113]   /media/bill/Data/Asm/Pic/MP_Projects/VFD_Driver/VFD_driver.X/analogVFD.X/AnaloguePPM v2.asm 1011 : Symbol not previously defined (C)
Error[113]   /media/bill/Data/Asm/Pic/MP_Projects/VFD_Driver/VFD_driver.X/analogVFD.X/AnaloguePPM v2.asm 1015 : Symbol not previously defined (STATUS)
Error[113]   /media/bill/Data/Asm/Pic/MP_Projects/VFD_Driver/VFD_driver.X/analogVFD.X/AnaloguePPM v2.asm 1015 : Symbol not previously defined (C)
Error[113]   /media/bill/Data/Asm/Pic/MP_Projects/VFD_Driver/VFD_driver.X/analogVFD.X/AnaloguePPM v2.asm 1020 : Symbol not previously defined (STATUS)
Error[113]   /media/bill/Data/Asm/Pic/MP_Projects/VFD_Driver/VFD_driver.X/analogVFD.X/AnaloguePPM v2.asm 1020 : Symbol not previously defined (C)
Error[113]   /media/bill/Data/Asm/Pic/MP_Projects/VFD_Driver/VFD_driver.X/analogVFD.X/AnaloguePPM v2.asm 1024 : Symbol not previously defined (STATUS)
Error[113]   /media/bill/Data/Asm/Pic/MP_Projects/VFD_Driver/VFD_driver.X/analogVFD.X/AnaloguePPM v2.asm 1024 : Symbol not previously defined (C)
Error[113]   /media/bill/Data/Asm/Pic/MP_Projects/VFD_Driver/VFD_driver.X/analogVFD.X/AnaloguePPM v2.asm 1029 : Symbol not previously defined (STATUS)
Error[113]   /media/bill/Data/Asm/Pic/MP_Projects/VFD_Driver/VFD_driver.X/analogVFD.X/AnaloguePPM v2.asm 1029 : Symbol not previously defined (Z)
Error[113]   /media/bill/Data/Asm/Pic/MP_Projects/VFD_Driver/VFD_driver.X/analogVFD.X/AnaloguePPM v2.asm 1033 : Symbol not previously defined (STATUS)
Error[113]   /media/bill/Data/Asm/Pic/MP_Projects/VFD_Driver/VFD_driver.X/analogVFD.X/AnaloguePPM v2.asm 1033 : Symbol not previously defined (Z)
Error[113]   /media/bill/Data/Asm/Pic/MP_Projects/VFD_Driver/VFD_driver.X/analogVFD.X/AnaloguePPM v2.asm 1041 : Symbol not previously defined (STATUS)
Error[113]   /media/bill/Data/Asm/Pic/MP_Projects/VFD_Driver/VFD_driver.X/analogVFD.X/AnaloguePPM v2.asm 1041 : Symbol not previously defined (Z)
Error[113]   /media/bill/Data/Asm/Pic/MP_Projects/VFD_Driver/VFD_driver.X/analogVFD.X/AnaloguePPM v2.asm 1045 : Symbol not previously defined (STATUS)
Error[113]   /media/bill/Data/Asm/Pic/MP_Projects/VFD_Driver/VFD_driver.X/analogVFD.X/AnaloguePPM v2.asm 1045 : Symbol not previously defined (Z)
Error[113]   /media/bill/Data/Asm/Pic/MP_Projects/VFD_Driver/VFD_driver.X/analogVFD.X/AnaloguePPM v2.asm 1054 : Symbol not previously defined (STATUS)
Error[113]   /media/bill/Data/Asm/Pic/MP_Projects/VFD_Driver/VFD_driver.X/analogVFD.X/AnaloguePPM v2.asm 1054 : Symbol not previously defined (C)
Error[113]   /media/bill/Data/Asm/Pic/MP_Projects/VFD_Driver/VFD_driver.X/analogVFD.X/AnaloguePPM v2.asm 1058 : Symbol not previously defined (STATUS)
Error[113]   /media/bill/Data/Asm/Pic/MP_Projects/VFD_Driver/VFD_driver.X/analogVFD.X/AnaloguePPM v2.asm 1058 : Symbol not previously defined (C)
Error[113]   /media/bill/Data/Asm/Pic/MP_Projects/VFD_Driver/VFD_driver.X/analogVFD.X/AnaloguePPM v2.asm 1063 : Symbol not previously defined (STATUS)
Error[113]   /media/bill/Data/Asm/Pic/MP_Projects/VFD_Driver/VFD_driver.X/analogVFD.X/AnaloguePPM v2.asm 1063 : Symbol not previously defined (C)
Error[113]   /media/bill/Data/Asm/Pic/MP_Projects/VFD_Driver/VFD_driver.X/analogVFD.X/AnaloguePPM v2.asm 1067 : Symbol not previously defined (STATUS)
Error[113]   /media/bill/Data/Asm/Pic/MP_Projects/VFD_Driver/VFD_driver.X/analogVFD.X/AnaloguePPM v2.asm 1067 : Symbol not previously defined (C)
Error[113]   /media/bill/Data/Asm/Pic/MP_Projects/VFD_Driver/VFD_driver.X/analogVFD.X/AnaloguePPM v2.asm 1072 : Symbol not previously defined (STATUS)
Error[113]   /media/bill/Data/Asm/Pic/MP_Projects/VFD_Driver/VFD_driver.X/analogVFD.X/AnaloguePPM v2.asm 1072 : Symbol not previously defined (Z)
Error[113]   /media/bill/Data/Asm/Pic/MP_Projects/VFD_Driver/VFD_driver.X/analogVFD.X/AnaloguePPM v2.asm 1076 : Symbol not previously defined (STATUS)
Error[113]   /media/bill/Data/Asm/Pic/MP_Projects/VFD_Driver/VFD_driver.X/analogVFD.X/AnaloguePPM v2.asm 1076 : Symbol not previously defined (Z)
Error[113]   /media/bill/Data/Asm/Pic/MP_Projects/VFD_Driver/VFD_driver.X/analogVFD.X/AnaloguePPM v2.asm 1084 : Symbol not previously defined (STATUS)
Error[113]   /media/bill/Data/Asm/Pic/MP_Projects/VFD_Driver/VFD_driver.X/analogVFD.X/AnaloguePPM v2.asm 1084 : Symbol not previously defined (Z)
Error[113]   /media/bill/Data/Asm/Pic/MP_Projects/VFD_Driver/VFD_driver.X/analogVFD.X/AnaloguePPM v2.asm 1088 : Symbol not previously defined (STATUS)
Error[113]   /media/bill/Data/Asm/Pic/MP_Projects/VFD_Driver/VFD_driver.X/analogVFD.X/AnaloguePPM v2.asm 1088 : Symbol not previously defined (Z)
Error[113]   /media/bill/Data/Asm/Pic/MP_Projects/VFD_Driver/VFD_driver.X/analogVFD.X/AnaloguePPM v2.asm 1095 : Symbol not previously defined (STATUS)
Error[113]   /media/bill/Data/Asm/Pic/MP_Projects/VFD_Driver/VFD_driver.X/analogVFD.X/AnaloguePPM v2.asm 1095 : Symbol not previously defined (C)
Error[113]   /media/bill/Data/Asm/Pic/MP_Projects/VFD_Driver/VFD_driver.X/analogVFD.X/AnaloguePPM v2.asm 1099 : Symbol not previously defined (STATUS)
Error[113]   /media/bill/Data/Asm/Pic/MP_Projects/VFD_Driver/VFD_driver.X/analogVFD.X/AnaloguePPM v2.asm 1099 : Symbol not previously defined (C)
Error[113]   /media/bill/Data/Asm/Pic/MP_Projects/VFD_Driver/VFD_driver.X/analogVFD.X/AnaloguePPM v2.asm 1104 : Symbol not previously defined (STATUS)
Error[113]   /media/bill/Data/Asm/Pic/MP_Projects/VFD_Driver/VFD_driver.X/analogVFD.X/AnaloguePPM v2.asm 1104 : Symbol not previously defined (C)
Error[113]   /media/bill/Data/Asm/Pic/MP_Projects/VFD_Driver/VFD_driver.X/analogVFD.X/AnaloguePPM v2.asm 1108 : Symbol not previously defined (STATUS)
Error[113]   /media/bill/Data/Asm/Pic/MP_Projects/VFD_Driver/VFD_driver.X/analogVFD.X/AnaloguePPM v2.asm 1108 : Symbol not previously defined (C)
Error[113]   /media/bill/Data/Asm/Pic/MP_Projects/VFD_Driver/VFD_driver.X/analogVFD.X/AnaloguePPM v2.asm 1113 : Symbol not previously defined (STATUS)
Error[113]   /media/bill/Data/Asm/Pic/MP_Projects/VFD_Driver/VFD_driver.X/analogVFD.X/AnaloguePPM v2.asm 1113 : Symbol not previously defined (Z)
Error[113]   /media/bill/Data/Asm/Pic/MP_Projects/VFD_Driver/VFD_driver.X/analogVFD.X/AnaloguePPM v2.asm 1117 : Symbol not previously defined (STATUS)
Error[113]   /media/bill/Data/Asm/Pic/MP_Projects/VFD_Driver/VFD_driver.X/analogVFD.X/AnaloguePPM v2.asm 1117 : Symbol not previously defined (Z)
Error[113]   /media/bill/Data/Asm/Pic/MP_Projects/VFD_Driver/VFD_driver.X/analogVFD.X/AnaloguePPM v2.asm 1125 : Symbol not previously defined (STATUS)
Error[113]   /media/bill/Data/Asm/Pic/MP_Projects/VFD_Driver/VFD_driver.X/analogVFD.X/AnaloguePPM v2.asm 1125 : Symbol not previously defined (Z)
Error[113]   /media/bill/Data/Asm/Pic/MP_Projects/VFD_Driver/VFD_driver.X/analogVFD.X/AnaloguePPM v2.asm 1129 : Symbol not previously defined (STATUS)
Error[113]   /media/bill/Data/Asm/Pic/MP_Projects/VFD_Driver/VFD_driver.X/analogVFD.X/AnaloguePPM v2.asm 1129 : Symbol not previously defined (Z)
Error[113]   /media/bill/Data/Asm/Pic/MP_Projects/VFD_Driver/VFD_driver.X/analogVFD.X/AnaloguePPM v2.asm 1155 : Symbol not previously defined (APFCON)
Error[113]   /media/bill/Data/Asm/Pic/MP_Projects/VFD_Driver/VFD_driver.X/analogVFD.X/AnaloguePPM v2.asm 1157 : Symbol not previously defined (APFCON)
Error[113]   /media/bill/Data/Asm/Pic/MP_Projects/VFD_Driver/VFD_driver.X/analogVFD.X/AnaloguePPM v2.asm 1159 : Symbol not previously defined (SPBRGH)
Error[113]   /media/bill/Data/Asm/Pic/MP_Projects/VFD_Driver/VFD_driver.X/analogVFD.X/AnaloguePPM v2.asm 1160 : Symbol not previously defined (SPBRGH)
Error[113]   /media/bill/Data/Asm/Pic/MP_Projects/VFD_Driver/VFD_driver.X/analogVFD.X/AnaloguePPM v2.asm 1162 : Symbol not previously defined (SPBRGL)
Error[113]   /media/bill/Data/Asm/Pic/MP_Projects/VFD_Driver/VFD_driver.X/analogVFD.X/AnaloguePPM v2.asm 1166 : Symbol not previously defined (BAUDCON)
Error[113]   /media/bill/Data/Asm/Pic/MP_Projects/VFD_Driver/VFD_driver.X/analogVFD.X/AnaloguePPM v2.asm 1170 : Symbol not previously defined (TXSTA)
Error[113]   /media/bill/Data/Asm/Pic/MP_Projects/VFD_Driver/VFD_driver.X/analogVFD.X/AnaloguePPM v2.asm 1174 : Symbol not previously defined (RCSTA)
Error[113]   /media/bill/Data/Asm/Pic/MP_Projects/VFD_Driver/VFD_driver.X/analogVFD.X/AnaloguePPM v2.asm 1179 : Symbol not previously defined (FSR0L)
Error[113]   /media/bill/Data/Asm/Pic/MP_Projects/VFD_Driver/VFD_driver.X/analogVFD.X/AnaloguePPM v2.asm 1180 : Symbol not previously defined (FSR0H)
Error[113]   /media/bill/Data/Asm/Pic/MP_Projects/VFD_Driver/VFD_driver.X/analogVFD.X/AnaloguePPM v2.asm 1183 : Symbol not previously defined (PORTA)
Error[113]   /media/bill/Data/Asm/Pic/MP_Projects/VFD_Driver/VFD_driver.X/analogVFD.X/AnaloguePPM v2.asm 1186 : Symbol not previously defined (TXREG)
Error[113]   /media/bill/Data/Asm/Pic/MP_Projects/VFD_Driver/VFD_driver.X/analogVFD.X/AnaloguePPM v2.asm 1188 : Symbol not previously defined (TXREG)
Error[113]   /media/bill/Data/Asm/Pic/MP_Projects/VFD_Driver/VFD_driver.X/analogVFD.X/AnaloguePPM v2.asm 1191 : Symbol not previously defined (TXSTA)
Error[113]   /media/bill/Data/Asm/Pic/MP_Projects/VFD_Driver/VFD_driver.X/analogVFD.X/AnaloguePPM v2.asm 1191 : Symbol not previously defined (TRMT)
Error[113]   /media/bill/Data/Asm/Pic/MP_Projects/VFD_Driver/VFD_driver.X/analogVFD.X/AnaloguePPM v2.asm 1224 : Symbol not previously defined (PMADRL)
Error[113]   /media/bill/Data/Asm/Pic/MP_Projects/VFD_Driver/VFD_driver.X/analogVFD.X/AnaloguePPM v2.asm 1226 : Symbol not previously defined (PMADRL)
Error[113]   /media/bill/Data/Asm/Pic/MP_Projects/VFD_Driver/VFD_driver.X/analogVFD.X/AnaloguePPM v2.asm 1228 : Symbol not previously defined (PMADRH)
Error[113]   /media/bill/Data/Asm/Pic/MP_Projects/VFD_Driver/VFD_driver.X/analogVFD.X/AnaloguePPM v2.asm 1229 : Symbol not previously defined (PMCON1)
Error[113]   /media/bill/Data/Asm/Pic/MP_Projects/VFD_Driver/VFD_driver.X/analogVFD.X/AnaloguePPM v2.asm 1229 : Symbol not previously defined (CFGS)
Error[113]   /media/bill/Data/Asm/Pic/MP_Projects/VFD_Driver/VFD_driver.X/analogVFD.X/AnaloguePPM v2.asm 1230 : Symbol not previously defined (PMCON1)
Error[113]   /media/bill/Data/Asm/Pic/MP_Projects/VFD_Driver/VFD_driver.X/analogVFD.X/AnaloguePPM v2.asm 1230 : Symbol not previously defined (RD)
Error[113]   /media/bill/Data/Asm/Pic/MP_Projects/VFD_Driver/VFD_driver.X/analogVFD.X/AnaloguePPM v2.asm 1233 : Symbol not previously defined (PMDATL)
Error[113]   /media/bill/Data/Asm/Pic/MP_Projects/VFD_Driver/VFD_driver.X/analogVFD.X/AnaloguePPM v2.asm 1235 : Symbol not previously defined (PMDATH)
Error[113]   /media/bill/Data/Asm/Pic/MP_Projects/VFD_Driver/VFD_driver.X/analogVFD.X/AnaloguePPM v2.asm 1241 : Symbol not previously defined (INTCON)
Error[113]   /media/bill/Data/Asm/Pic/MP_Projects/VFD_Driver/VFD_driver.X/analogVFD.X/AnaloguePPM v2.asm 1241 : Symbol not previously defined (GIE)
Error[113]   /media/bill/Data/Asm/Pic/MP_Projects/VFD_Driver/VFD_driver.X/analogVFD.X/AnaloguePPM v2.asm 1242 : Symbol not previously defined (PMADRL)
Error[113]   /media/bill/Data/Asm/Pic/MP_Projects/VFD_Driver/VFD_driver.X/analogVFD.X/AnaloguePPM v2.asm 1244 : Symbol not previously defined (PMADRL)
Error[113]   /media/bill/Data/Asm/Pic/MP_Projects/VFD_Driver/VFD_driver.X/analogVFD.X/AnaloguePPM v2.asm 1246 : Symbol not previously defined (PMADRH)
Error[113]   /media/bill/Data/Asm/Pic/MP_Projects/VFD_Driver/VFD_driver.X/analogVFD.X/AnaloguePPM v2.asm 1247 : Symbol not previously defined (PMCON1)
Error[113]   /media/bill/Data/Asm/Pic/MP_Projects/VFD_Driver/VFD_driver.X/analogVFD.X/AnaloguePPM v2.asm 1247 : Symbol not previously defined (CFGS)
Error[113]   /media/bill/Data/Asm/Pic/MP_Projects/VFD_Driver/VFD_driver.X/analogVFD.X/AnaloguePPM v2.asm 1248 : Symbol not previously defined (PMCON1)
Error[113]   /media/bill/Data/Asm/Pic/MP_Projects/VFD_Driver/VFD_driver.X/analogVFD.X/AnaloguePPM v2.asm 1248 : Symbol not previously defined (FREE)
Error[113]   /media/bill/Data/Asm/Pic/MP_Projects/VFD_Driver/VFD_driver.X/analogVFD.X/AnaloguePPM v2.asm 1249 : Symbol not previously defined (PMCON1)
Error[113]   /media/bill/Data/Asm/Pic/MP_Projects/VFD_Driver/VFD_driver.X/analogVFD.X/AnaloguePPM v2.asm 1249 : Symbol not previously defined (WREN)
Error[113]   /media/bill/Data/Asm/Pic/MP_Projects/VFD_Driver/VFD_driver.X/analogVFD.X/AnaloguePPM v2.asm 1251 : Symbol not previously defined (PMCON2)
Error[113]   /media/bill/Data/Asm/Pic/MP_Projects/VFD_Driver/VFD_driver.X/analogVFD.X/AnaloguePPM v2.asm 1253 : Symbol not previously defined (PMCON2)
Error[113]   /media/bill/Data/Asm/Pic/MP_Projects/VFD_Driver/VFD_driver.X/analogVFD.X/AnaloguePPM v2.asm 1254 : Symbol not previously defined (PMCON1)
Error[113]   /media/bill/Data/Asm/Pic/MP_Projects/VFD_Driver/VFD_driver.X/analogVFD.X/AnaloguePPM v2.asm 1254 : Symbol not previously defined (WR)
Error[113]   /media/bill/Data/Asm/Pic/MP_Projects/VFD_Driver/VFD_driver.X/analogVFD.X/AnaloguePPM v2.asm 1260 : Symbol not previously defined (PMCON1)
Error[113]   /media/bill/Data/Asm/Pic/MP_Projects/VFD_Driver/VFD_driver.X/analogVFD.X/AnaloguePPM v2.asm 1260 : Symbol not previously defined (WREN)
Error[113]   /media/bill/Data/Asm/Pic/MP_Projects/VFD_Driver/VFD_driver.X/analogVFD.X/AnaloguePPM v2.asm 1261 : Symbol not previously defined (INTCON)
Error[113]   /media/bill/Data/Asm/Pic/MP_Projects/VFD_Driver/VFD_driver.X/analogVFD.X/AnaloguePPM v2.asm 1261 : Symbol not previously defined (GIE)
Error[113]   /media/bill/Data/Asm/Pic/MP_Projects/VFD_Driver/VFD_driver.X/analogVFD.X/AnaloguePPM v2.asm 1268 : Symbol not previously defined (INTCON)
Error[113]   /media/bill/Data/Asm/Pic/MP_Projects/VFD_Driver/VFD_driver.X/analogVFD.X/AnaloguePPM v2.asm 1268 : Symbol not previously defined (GIE)
Error[113]   /media/bill/Data/Asm/Pic/MP_Projects/VFD_Driver/VFD_driver.X/analogVFD.X/AnaloguePPM v2.asm 1269 : Symbol not previously defined (PMADRH)
Error[113]   /media/bill/Data/Asm/Pic/MP_Projects/VFD_Driver/VFD_driver.X/analogVFD.X/AnaloguePPM v2.asm 1273 : Symbol not previously defined (PMADRH)
Error[113]   /media/bill/Data/Asm/Pic/MP_Projects/VFD_Driver/VFD_driver.X/analogVFD.X/AnaloguePPM v2.asm 1275 : Symbol not previously defined (PMADRL)
Error[113]   /media/bill/Data/Asm/Pic/MP_Projects/VFD_Driver/VFD_driver.X/analogVFD.X/AnaloguePPM v2.asm 1278 : Symbol not previously defined (FSR0L)
Error[113]   /media/bill/Data/Asm/Pic/MP_Projects/VFD_Driver/VFD_driver.X/analogVFD.X/AnaloguePPM v2.asm 1280 : Symbol not previously defined (FSR0H)
Error[113]   /media/bill/Data/Asm/Pic/MP_Projects/VFD_Driver/VFD_driver.X/analogVFD.X/AnaloguePPM v2.asm 1281 : Symbol not previously defined (PMCON1)
Error[113]   /media/bill/Data/Asm/Pic/MP_Projects/VFD_Driver/VFD_driver.X/analogVFD.X/AnaloguePPM v2.asm 1281 : Symbol not previously defined (CFGS)
Error[113]   /media/bill/Data/Asm/Pic/MP_Projects/VFD_Driver/VFD_driver.X/analogVFD.X/AnaloguePPM v2.asm 1282 : Symbol not previously defined (PMCON1)
Error[113]   /media/bill/Data/Asm/Pic/MP_Projects/VFD_Driver/VFD_driver.X/analogVFD.X/AnaloguePPM v2.asm 1282 : Symbol not previously defined (WREN)
Error[113]   /media/bill/Data/Asm/Pic/MP_Projects/VFD_Driver/VFD_driver.X/analogVFD.X/AnaloguePPM v2.asm 1283 : Symbol not previously defined (PMCON1)
Error[113]   /media/bill/Data/Asm/Pic/MP_Projects/VFD_Driver/VFD_driver.X/analogVFD.X/AnaloguePPM v2.asm 1283 : Symbol not previously defined (LWLO)
Error[113]   /media/bill/Data/Asm/Pic/MP_Projects/VFD_Driver/VFD_driver.X/analogVFD.X/AnaloguePPM v2.asm 1285 : Symbol not previously defined (PMADRL)
Error[113]   /media/bill/Data/Asm/Pic/MP_Projects/VFD_Driver/VFD_driver.X/analogVFD.X/AnaloguePPM v2.asm 1287 : Symbol not previously defined (PMDATL)
Error[113]   /media/bill/Data/Asm/Pic/MP_Projects/VFD_Driver/VFD_driver.X/analogVFD.X/AnaloguePPM v2.asm 1289 : Symbol not previously defined (PMDATH)
Error[113]   /media/bill/Data/Asm/Pic/MP_Projects/VFD_Driver/VFD_driver.X/analogVFD.X/AnaloguePPM v2.asm 1291 : Symbol not previously defined (PMCON2)
Error[113]   /media/bill/Data/Asm/Pic/MP_Projects/VFD_Driver/VFD_driver.X/analogVFD.X/AnaloguePPM v2.asm 1293 : Symbol not previously defined (PMCON2)
Error[113]   /media/bill/Data/Asm/Pic/MP_Projects/VFD_Driver/VFD_driver.X/analogVFD.X/AnaloguePPM v2.asm 1294 : Symbol not previously defined (PMCON1)
Error[113]   /media/bill/Data/Asm/Pic/MP_Projects/VFD_Driver/VFD_driver.X/analogVFD.X/AnaloguePPM v2.asm 1294 : Symbol not previously defined (WR)
Error[113]   /media/bill/Data/Asm/Pic/MP_Projects/VFD_Driver/VFD_driver.X/analogVFD.X/AnaloguePPM v2.asm 1301 : Symbol not previously defined (PMCON1)
Error[113]   /media/bill/Data/Asm/Pic/MP_Projects/VFD_Driver/VFD_driver.X/analogVFD.X/AnaloguePPM v2.asm 1301 : Symbol not previously defined (LWLO)
Error[113]   /media/bill/Data/Asm/Pic/MP_Projects/VFD_Driver/VFD_driver.X/analogVFD.X/AnaloguePPM v2.asm 1304 : Symbol not previously defined (PMCON2)
Error[113]   /media/bill/Data/Asm/Pic/MP_Projects/VFD_Driver/VFD_driver.X/analogVFD.X/AnaloguePPM v2.asm 1306 : Symbol not previously defined (PMCON2)
Error[113]   /media/bill/Data/Asm/Pic/MP_Projects/VFD_Driver/VFD_driver.X/analogVFD.X/AnaloguePPM v2.asm 1307 : Symbol not previously defined (PMCON1)
Error[113]   /media/bill/Data/Asm/Pic/MP_Projects/VFD_Driver/VFD_driver.X/analogVFD.X/AnaloguePPM v2.asm 1307 : Symbol not previously defined (WR)
Error[113]   /media/bill/Data/Asm/Pic/MP_Projects/VFD_Driver/VFD_driver.X/analogVFD.X/AnaloguePPM v2.asm 1314 : Symbol not previously defined (PMCON1)
Error[113]   /media/bill/Data/Asm/Pic/MP_Projects/VFD_Driver/VFD_driver.X/analogVFD.X/AnaloguePPM v2.asm 1314 : Symbol not previously defined (WREN)
Error[113]   /media/bill/Data/Asm/Pic/MP_Projects/VFD_Driver/VFD_driver.X/analogVFD.X/AnaloguePPM v2.asm 1315 : Symbol not previously defined (INTCON)
Error[113]   /media/bill/Data/Asm/Pic/MP_Projects/VFD_Driver/VFD_driver.X/analogVFD.X/AnaloguePPM v2.asm 1315 : Symbol not previously defined (GIE)
